<?xml version="1.0" encoding="UTF-8" ?>
<testsuite tests="2" failures="0" name="io.scalecube.scalecub.configuration.TestMongo" time="0.265" errors="1" skipped="0">
  <properties>
[...]
</properties>
  <testcase classname="io.scalecube.scalecub.configuration.TestMongo" name="testSecretKey" time="0.264"/>
  <testcase classname="io.scalecube.scalecub.configuration.TestMongo" name="testConf" time="0.001">
    <error message="com/fasterxml/jackson/databind/ObjectMapper" type="java.lang.NoClassDefFoundError">java.lang.NoClassDefFoundError: com/fasterxml/jackson/databind/ObjectMapper
	at io.scalecube.scalecub.configuration.TestMongo.testConf(TestMongo.java:29)
Caused by: java.lang.ClassNotFoundException: com.fasterxml.jackson.databind.ObjectMapper
	at java.net.URLClassLoader.findClass(URLClassLoader.java:381)
	at java.lang.ClassLoader.loadClass(ClassLoader.java:424)
	at sun.misc.Launcher$AppClassLoader.loadClass(Launcher.java:335)
	at java.lang.ClassLoader.loadClass(ClassLoader.java:357)
	... 29 more
</error>
  </testcase>
</testsuite>